<component name="libraryTable">
  <library name="junit-4.121">
    <CLASSES />
    <JAVADOC />
    <SOURCES />
  </library>
</component>